<?xml version="1.0" encoding="UTF-8"?>
<testng-results ignored="0" total="6" passed="5" failed="1" skipped="0">
  <reporter-output>
  </reporter-output>
  <suite started-at="2023-03-20T19:01:09 IST" name="Default suite" finished-at="2023-03-20T19:01:52 IST" duration-ms="43426">
    <groups>
      <group name="cucumber">
        <method signature="AbstractTestNGCucumberTests.runScenario(io.cucumber.testng.PickleWrapper,io.cucumber.testng.FeatureWrapper)[pri:0, instance:TestNGRunner.TestNGRunner@3eb738bb]" name="runScenario" class="io.cucumber.testng.AbstractTestNGCucumberTests"/>
      </group> <!-- cucumber -->
    </groups>
    <test started-at="2023-03-20T19:01:09 IST" name="Default test" finished-at="2023-03-20T19:01:52 IST" duration-ms="43426">
      <class name="TestNGRunner.TestNGRunner">
        <test-method is-config="true" signature="setUpClass(org.testng.ITestContext)[pri:0, instance:TestNGRunner.TestNGRunner@3eb738bb]" started-at="2023-03-20T19:01:09 IST" name="setUpClass" finished-at="2023-03-20T19:01:09 IST" duration-ms="547" status="PASS">
          <params>
            <param index="0">
              <value>
                <![CDATA[org.testng.TestRunner@46d9aec8]]>
              </value>
            </param>
          </params>
          <reporter-output>
          </reporter-output>
        </test-method> <!-- setUpClass -->
        <test-method signature="runScenario(io.cucumber.testng.PickleWrapper,io.cucumber.testng.FeatureWrapper)[pri:0, instance:TestNGRunner.TestNGRunner@3eb738bb]" started-at="2023-03-20T19:01:09 IST" name="runScenario" description="Runs Cucumber Scenarios" data-provider="scenarios" finished-at="2023-03-20T19:01:52 IST" duration-ms="42331" status="PASS">
          <params>
            <param index="0">
              <value>
                <![CDATA["Verify the Bond Directory ISIN Search"]]>
              </value>
            </param>
            <param index="1">
              <value>
                <![CDATA["Indiabonds Website"]]>
              </value>
            </param>
          </params>
          <reporter-output>
          </reporter-output>
        </test-method> <!-- runScenario -->
        <test-method signature="runScenario(io.cucumber.testng.PickleWrapper,io.cucumber.testng.FeatureWrapper)[pri:0, instance:TestNGRunner.TestNGRunner@3eb738bb]" started-at="2023-03-20T19:01:09 IST" name="runScenario" description="Runs Cucumber Scenarios" data-provider="scenarios" finished-at="2023-03-20T19:01:51 IST" duration-ms="41975" status="PASS">
          <params>
            <param index="0">
              <value>
                <![CDATA["Verify the Bond Directory Search"]]>
              </value>
            </param>
            <param index="1">
              <value>
                <![CDATA["Indiabonds Website"]]>
              </value>
            </param>
          </params>
          <reporter-output>
          </reporter-output>
        </test-method> <!-- runScenario -->
        <test-method signature="runScenario(io.cucumber.testng.PickleWrapper,io.cucumber.testng.FeatureWrapper)[pri:0, instance:TestNGRunner.TestNGRunner@3eb738bb]" started-at="2023-03-20T19:01:09 IST" name="runScenario" description="Runs Cucumber Scenarios" data-provider="scenarios" finished-at="2023-03-20T19:01:50 IST" duration-ms="40400" status="PASS">
          <params>
            <param index="0">
              <value>
                <![CDATA["Verify the Bond Directory ISIN Search"]]>
              </value>
            </param>
            <param index="1">
              <value>
                <![CDATA["Indiabonds Website"]]>
              </value>
            </param>
          </params>
          <reporter-output>
          </reporter-output>
        </test-method> <!-- runScenario -->
        <test-method signature="runScenario(io.cucumber.testng.PickleWrapper,io.cucumber.testng.FeatureWrapper)[pri:0, instance:TestNGRunner.TestNGRunner@3eb738bb]" started-at="2023-03-20T19:01:09 IST" name="runScenario" description="Runs Cucumber Scenarios" data-provider="scenarios" finished-at="2023-03-20T19:01:52 IST" duration-ms="42548" status="PASS">
          <params>
            <param index="0">
              <value>
                <![CDATA["Verify the Bond Directory Search"]]>
              </value>
            </param>
            <param index="1">
              <value>
                <![CDATA["Indiabonds Website"]]>
              </value>
            </param>
          </params>
          <reporter-output>
          </reporter-output>
        </test-method> <!-- runScenario -->
        <test-method signature="runScenario(io.cucumber.testng.PickleWrapper,io.cucumber.testng.FeatureWrapper)[pri:0, instance:TestNGRunner.TestNGRunner@3eb738bb]" started-at="2023-03-20T19:01:09 IST" name="runScenario" description="Runs Cucumber Scenarios" data-provider="scenarios" finished-at="2023-03-20T19:01:50 IST" duration-ms="40525" status="PASS">
          <params>
            <param index="0">
              <value>
                <![CDATA["Verify the Bond Directory ISIN Search"]]>
              </value>
            </param>
            <param index="1">
              <value>
                <![CDATA["Indiabonds Website"]]>
              </value>
            </param>
          </params>
          <reporter-output>
          </reporter-output>
        </test-method> <!-- runScenario -->
        <test-method signature="runScenario(io.cucumber.testng.PickleWrapper,io.cucumber.testng.FeatureWrapper)[pri:0, instance:TestNGRunner.TestNGRunner@3eb738bb]" started-at="2023-03-20T19:01:09 IST" name="runScenario" description="Runs Cucumber Scenarios" data-provider="scenarios" finished-at="2023-03-20T19:01:40 IST" duration-ms="30871" status="FAIL">
          <params>
            <param index="0">
              <value>
                <![CDATA["Verify the Bond Directory Search"]]>
              </value>
            </param>
            <param index="1">
              <value>
                <![CDATA["Indiabonds Website"]]>
              </value>
            </param>
          </params>
          <exception class="java.lang.AssertionError">
            <message>
              <![CDATA[expected [We can't find a bond with this ISIN/Issuer] but found [STATE BNK OF RAJAS]]]>
            </message>
            <full-stacktrace>
              <![CDATA[java.lang.AssertionError: expected [We can't find a bond with this ISIN/Issuer] but found [STATE BNK OF RAJAS]
at org.testng.Assert.fail(Assert.java:110)
at org.testng.Assert.failNotEquals(Assert.java:1577)
at org.testng.Assert.assertEqualsImpl(Assert.java:149)
at org.testng.Assert.assertEquals(Assert.java:131)
at org.testng.Assert.assertEquals(Assert.java:655)
at org.testng.Assert.assertEquals(Assert.java:665)
at PageObjects.ExplorePage.searchissuer(ExplorePage.java:63)
at StepDefination.ExplorePageStepDefination.user_search_for_issuer_in_bond_search(ExplorePageStepDefination.java:46)
at ✽.user search for issuer STATE BNK OF RAJAS in bond search(file:///C:/Users/kambl/eclipse-workspace/Indiabonds/src/test/java/features/Indiabonds.feature:16)
]]>
            </full-stacktrace>
          </exception> <!-- java.lang.AssertionError -->
          <reporter-output>
          </reporter-output>
        </test-method> <!-- runScenario -->
        <test-method is-config="true" signature="tearDownClass()[pri:0, instance:TestNGRunner.TestNGRunner@3eb738bb]" started-at="2023-03-20T19:01:52 IST" name="tearDownClass" finished-at="2023-03-20T19:01:52 IST" duration-ms="293" status="PASS">
          <reporter-output>
          </reporter-output>
        </test-method> <!-- tearDownClass -->
      </class> <!-- TestNGRunner.TestNGRunner -->
    </test> <!-- Default test -->
  </suite> <!-- Default suite -->
</testng-results>
